Release 14.6 - xst P.68d (nt64)
Copyright (c) 1995-2013 Xilinx, Inc.  All rights reserved.
--> Parameter TMPDIR set to xst/projnav.tmp


Total REAL time to Xst completion: 0.00 secs
Total CPU time to Xst completion: 0.12 secs
 
--> Parameter xsthdpdir set to xst


Total REAL time to Xst completion: 0.00 secs
Total CPU time to Xst completion: 0.12 secs
 
--> Reading design: top.prj

TABLE OF CONTENTS
  1) Synthesis Options Summary
  2) HDL Parsing
  3) HDL Elaboration
  4) HDL Synthesis
       4.1) HDL Synthesis Report
  5) Advanced HDL Synthesis
       5.1) Advanced HDL Synthesis Report
  6) Low Level Synthesis
  7) Partition Report
  8) Design Summary
       8.1) Primitive and Black Box Usage
       8.2) Device utilization summary
       8.3) Partition Resource Summary
       8.4) Timing Report
            8.4.1) Clock Information
            8.4.2) Asynchronous Control Signals Information
            8.4.3) Timing Summary
            8.4.4) Timing Details
            8.4.5) Cross Clock Domains Report


=========================================================================
*                      Synthesis Options Summary                        *
=========================================================================
---- Source Parameters
Input File Name                    : "top.prj"
Ignore Synthesis Constraint File   : NO

---- Target Parameters
Output File Name                   : "top"
Output Format                      : NGC
Target Device                      : xc6slx16-3-csg324

---- Source Options
Top Module Name                    : top
Automatic FSM Extraction           : YES
FSM Encoding Algorithm             : Auto
Safe Implementation                : No
FSM Style                          : LUT
RAM Extraction                     : Yes
RAM Style                          : Auto
ROM Extraction                     : Yes
Shift Register Extraction          : YES
ROM Style                          : Auto
Resource Sharing                   : YES
Asynchronous To Synchronous        : NO
Shift Register Minimum Size        : 2
Use DSP Block                      : Auto
Automatic Register Balancing       : No

---- Target Options
LUT Combining                      : Auto
Reduce Control Sets                : Auto
Add IO Buffers                     : YES
Global Maximum Fanout              : 100000
Add Generic Clock Buffer(BUFG)     : 16
Register Duplication               : YES
Optimize Instantiated Primitives   : NO
Use Clock Enable                   : Auto
Use Synchronous Set                : Auto
Use Synchronous Reset              : Auto
Pack IO Registers into IOBs        : Auto
Equivalent register Removal        : YES

---- General Options
Optimization Goal                  : Speed
Optimization Effort                : 1
Power Reduction                    : NO
Keep Hierarchy                     : No
Netlist Hierarchy                  : As_Optimized
RTL Output                         : Yes
Global Optimization                : AllClockNets
Read Cores                         : YES
Write Timing Constraints           : NO
Cross Clock Analysis               : NO
Hierarchy Separator                : /
Bus Delimiter                      : <>
Case Specifier                     : Maintain
Slice Utilization Ratio            : 100
BRAM Utilization Ratio             : 100
DSP48 Utilization Ratio            : 100
Auto BRAM Packing                  : NO
Slice Utilization Ratio Delta      : 5

=========================================================================


=========================================================================
*                          HDL Parsing                                  *
=========================================================================
Analyzing Verilog file "C:\Users\152\Desktop\lab3\lab3\time_ctr.v" into library work
Parsing module <time_ctr>.
Analyzing Verilog file "C:\Users\152\Desktop\lab3\lab3\display_time.v" into library work
Parsing module <display_time>.
Analyzing Verilog file "C:\Users\152\Desktop\lab3\lab3\clk_divider.v" into library work
Parsing module <clk_divider>.
Analyzing Verilog file "C:\Users\152\Desktop\lab3\lab3\top.v" into library work
Parsing module <top>.

=========================================================================
*                            HDL Elaboration                            *
=========================================================================

Elaborating module <top>.

Elaborating module <clk_divider>.
WARNING:HDLCompiler:1127 - "C:\Users\152\Desktop\lab3\lab3\top.v" Line 42: Assignment to two_hz_clk ignored, since the identifier is never used
WARNING:HDLCompiler:1127 - "C:\Users\152\Desktop\lab3\lab3\top.v" Line 44: Assignment to fast_clk ignored, since the identifier is never used

Elaborating module <time_ctr>.
WARNING:HDLCompiler:413 - "C:\Users\152\Desktop\lab3\lab3\time_ctr.v" Line 44: Result of 4-bit expression is truncated to fit in 3-bit target.
WARNING:HDLCompiler:413 - "C:\Users\152\Desktop\lab3\lab3\time_ctr.v" Line 48: Result of 5-bit expression is truncated to fit in 4-bit target.
WARNING:HDLCompiler:413 - "C:\Users\152\Desktop\lab3\lab3\time_ctr.v" Line 52: Result of 4-bit expression is truncated to fit in 3-bit target.
WARNING:HDLCompiler:413 - "C:\Users\152\Desktop\lab3\lab3\time_ctr.v" Line 60: Result of 5-bit expression is truncated to fit in 4-bit target.

Elaborating module <display_time>.
WARNING:HDLCompiler:295 - "C:\Users\152\Desktop\lab3\lab3\display_time.v" Line 60: case condition never applies
WARNING:HDLCompiler:295 - "C:\Users\152\Desktop\lab3\lab3\display_time.v" Line 61: case condition never applies
WARNING:HDLCompiler:295 - "C:\Users\152\Desktop\lab3\lab3\display_time.v" Line 92: case condition never applies
WARNING:HDLCompiler:295 - "C:\Users\152\Desktop\lab3\lab3\display_time.v" Line 93: case condition never applies

=========================================================================
*                           HDL Synthesis                               *
=========================================================================

Synthesizing Unit <top>.
    Related source file is "C:\Users\152\Desktop\lab3\lab3\top.v".
WARNING:Xst:647 - Input <but0> is never used. This port will be preserved and left unconnected if it belongs to a top-level block or it belongs to a sub-block and the hierarchy of this sub-block is preserved.
WARNING:Xst:647 - Input <but1> is never used. This port will be preserved and left unconnected if it belongs to a top-level block or it belongs to a sub-block and the hierarchy of this sub-block is preserved.
WARNING:Xst:647 - Input <sw0> is never used. This port will be preserved and left unconnected if it belongs to a top-level block or it belongs to a sub-block and the hierarchy of this sub-block is preserved.
WARNING:Xst:647 - Input <sw1> is never used. This port will be preserved and left unconnected if it belongs to a top-level block or it belongs to a sub-block and the hierarchy of this sub-block is preserved.
INFO:Xst:3210 - "C:\Users\152\Desktop\lab3\lab3\top.v" line 38: Output port <two_hz_clk> of the instance <clk_divider_> is unconnected or connected to loadless signal.
INFO:Xst:3210 - "C:\Users\152\Desktop\lab3\lab3\top.v" line 38: Output port <fast_clk> of the instance <clk_divider_> is unconnected or connected to loadless signal.
    Summary:
	no macro.
Unit <top> synthesized.

Synthesizing Unit <clk_divider>.
    Related source file is "C:\Users\152\Desktop\lab3\lab3\clk_divider.v".
    Found 1-bit register for signal <two_hz_clk>.
    Found 1-bit register for signal <superfast_clk>.
    Found 1-bit register for signal <fast_clk>.
    Found 32-bit register for signal <counter1>.
    Found 32-bit register for signal <counter2>.
    Found 32-bit register for signal <counter3>.
    Found 32-bit register for signal <counter4>.
    Found 1-bit register for signal <one_hz_clk>.
    Found 32-bit adder for signal <counter1[31]_GND_2_o_add_2_OUT> created at line 48.
    Found 32-bit adder for signal <counter2[31]_GND_2_o_add_3_OUT> created at line 49.
    Found 32-bit adder for signal <counter3[31]_GND_2_o_add_4_OUT> created at line 50.
    Found 32-bit adder for signal <counter4[31]_GND_2_o_add_5_OUT> created at line 51.
    Summary:
	inferred   4 Adder/Subtractor(s).
	inferred 132 D-type flip-flop(s).
Unit <clk_divider> synthesized.

Synthesizing Unit <time_ctr>.
    Related source file is "C:\Users\152\Desktop\lab3\lab3\time_ctr.v".
    Found 4-bit register for signal <min0>.
    Found 3-bit register for signal <sec1>.
    Found 4-bit register for signal <sec0>.
    Found 3-bit register for signal <min1>.
    Found 3-bit adder for signal <sec1[2]_GND_3_o_add_3_OUT> created at line 44.
    Found 4-bit adder for signal <min0[3]_GND_3_o_add_7_OUT> created at line 48.
    Found 3-bit adder for signal <min1[2]_GND_3_o_add_11_OUT> created at line 52.
    Found 4-bit adder for signal <sec0[3]_GND_3_o_add_19_OUT> created at line 60.
    Summary:
	inferred   4 Adder/Subtractor(s).
	inferred  14 D-type flip-flop(s).
	inferred   7 Multiplexer(s).
Unit <time_ctr> synthesized.

Synthesizing Unit <display_time>.
    Related source file is "C:\Users\152\Desktop\lab3\lab3\display_time.v".
WARNING:Xst:647 - Input <min1> is never used. This port will be preserved and left unconnected if it belongs to a top-level block or it belongs to a sub-block and the hierarchy of this sub-block is preserved.
WARNING:Xst:647 - Input <min0> is never used. This port will be preserved and left unconnected if it belongs to a top-level block or it belongs to a sub-block and the hierarchy of this sub-block is preserved.
WARNING:Xst:647 - Input <sec1> is never used. This port will be preserved and left unconnected if it belongs to a top-level block or it belongs to a sub-block and the hierarchy of this sub-block is preserved.
WARNING:Xst:647 - Input <sec0> is never used. This port will be preserved and left unconnected if it belongs to a top-level block or it belongs to a sub-block and the hierarchy of this sub-block is preserved.
    WARNING:Xst:2404 -  FFs/Latches <seg<6><0:0>> (without init value) have a constant value of 1 in block <display_time>.
    WARNING:Xst:2404 -  FFs/Latches <seg<5><6:6>> (without init value) have a constant value of 1 in block <display_time>.
    WARNING:Xst:2404 -  FFs/Latches <seg<4><5:5>> (without init value) have a constant value of 1 in block <display_time>.
    WARNING:Xst:2404 -  FFs/Latches <seg<3><4:4>> (without init value) have a constant value of 1 in block <display_time>.
    WARNING:Xst:2404 -  FFs/Latches <seg<2><3:3>> (without init value) have a constant value of 1 in block <display_time>.
    WARNING:Xst:2404 -  FFs/Latches <seg<1><2:2>> (without init value) have a constant value of 1 in block <display_time>.
    WARNING:Xst:2404 -  FFs/Latches <seg<0><1:1>> (without init value) have a constant value of 1 in block <display_time>.
    WARNING:Xst:2404 -  FFs/Latches <an<1:4>> (without init value) have a constant value of 1 in block <display_time>.
    Summary:
	no macro.
Unit <display_time> synthesized.

=========================================================================
HDL Synthesis Report

Macro Statistics
# Adders/Subtractors                                   : 8
 3-bit adder                                           : 2
 32-bit adder                                          : 4
 4-bit adder                                           : 2
# Registers                                            : 12
 1-bit register                                        : 4
 3-bit register                                        : 2
 32-bit register                                       : 4
 4-bit register                                        : 2
# Multiplexers                                         : 7
 3-bit 2-to-1 multiplexer                              : 3
 4-bit 2-to-1 multiplexer                              : 4

=========================================================================

=========================================================================
*                       Advanced HDL Synthesis                          *
=========================================================================

WARNING:Xst:1290 - Hierarchical block <clk_divider_> is unconnected in block <top>.
   It will be removed from the design.
WARNING:Xst:1290 - Hierarchical block <time_ctr_> is unconnected in block <top>.
   It will be removed from the design.

Synthesizing (advanced) Unit <clk_divider>.
The following registers are absorbed into counter <counter1>: 1 register on signal <counter1>.
The following registers are absorbed into counter <counter3>: 1 register on signal <counter3>.
The following registers are absorbed into counter <counter2>: 1 register on signal <counter2>.
The following registers are absorbed into counter <counter4>: 1 register on signal <counter4>.
Unit <clk_divider> synthesized (advanced).

Synthesizing (advanced) Unit <time_ctr>.
The following registers are absorbed into counter <min1>: 1 register on signal <min1>.
Unit <time_ctr> synthesized (advanced).

=========================================================================
Advanced HDL Synthesis Report

Macro Statistics
# Adders/Subtractors                                   : 8
 3-bit adder                                           : 2
 32-bit adder                                          : 4
 4-bit adder                                           : 2
# Counters                                             : 5
 3-bit up counter                                      : 1
 32-bit up counter                                     : 4
# Registers                                            : 15
 Flip-Flops                                            : 15
# Multiplexers                                         : 7
 3-bit 2-to-1 multiplexer                              : 3
 4-bit 2-to-1 multiplexer                              : 4

=========================================================================

=========================================================================
*                         Low Level Synthesis                           *
=========================================================================
WARNING:Xst:2973 - All outputs of instance <clk_divider_> of block <clk_divider> are unconnected in block <top>. Underlying logic will be removed.
WARNING:Xst:2973 - All outputs of instance <time_ctr_> of block <time_ctr> are unconnected in block <top>. Underlying logic will be removed.

Optimizing unit <top> ...

Optimizing unit <clk_divider> ...

Optimizing unit <time_ctr> ...

Mapping all equations...
Building and optimizing final netlist ...
Found area constraint ratio of 100 (+ 5) on block top, actual ratio is 0.

Final Macro Processing ...

=========================================================================
Final Register Report

Found no macro
=========================================================================

=========================================================================
*                           Partition Report                            *
=========================================================================

Partition Implementation Status
-------------------------------

  No Partitions were found in this design.

-------------------------------

=========================================================================
*                            Design Summary                             *
=========================================================================

Top Level Output File Name         : top.ngc

Primitive and Black Box Usage:
------------------------------
# BELS                             : 1
#      VCC                         : 1
# IO Buffers                       : 11
#      OBUF                        : 11

Device utilization summary:
---------------------------

Selected Device : 6slx16csg324-3 


Slice Logic Utilization: 

Slice Logic Distribution: 
 Number of LUT Flip Flop pairs used:      0
   Number with an unused Flip Flop:       0  out of      0         
   Number with an unused LUT:             0  out of      0         
   Number of fully used LUT-FF pairs:     0  out of      0         
   Number of unique control sets:         0

IO Utilization: 
 Number of IOs:                          18
 Number of bonded IOBs:                  11  out of    232     4%  

Specific Feature Utilization:

---------------------------
Partition Resource Summary:
---------------------------

  No Partitions were found in this design.

---------------------------


=========================================================================
Timing Report

NOTE: THESE TIMING NUMBERS ARE ONLY A SYNTHESIS ESTIMATE.
      FOR ACCURATE TIMING INFORMATION PLEASE REFER TO THE TRACE REPORT
      GENERATED AFTER PLACE-and-ROUTE.

Clock Information:
------------------
No clock signals found in this design

Asynchronous Control Signals Information:
----------------------------------------
No asynchronous control signals found in this design

Timing Summary:
---------------
Speed Grade: -3

   Minimum period: No path found
   Minimum input arrival time before clock: No path found
   Maximum output required time after clock: No path found
   Maximum combinational path delay: No path found

Timing Details:
---------------
All values displayed in nanoseconds (ns)

=========================================================================

Cross Clock Domains Report:
--------------------------

=========================================================================


Total REAL time to Xst completion: 7.00 secs
Total CPU time to Xst completion: 7.82 secs
 
--> 

Total memory usage is 257644 kilobytes

Number of errors   :    0 (   0 filtered)
Number of warnings :   30 (   0 filtered)
Number of infos    :    2 (   0 filtered)

